DoAn_DiDong/build/app/intermediates/manifest_merge_blame_file/debug/processDebugMainManifest/manifest-merger-blame-debug-report.txt
1<?xml version="1.0" encoding="utf-8"?>
2<manifest xmlns:android="http://schemas.android.com/apk/res/android"
3    package="com.example.doan_nhom_cuoiky"
4    android:versionCode="1"
5    android:versionName="1.0.0" >
6
7    <uses-sdk
8        android:minSdkVersion="23"
9        android:targetSdkVersion="35" />
10    <!--
11         The INTERNET permission is required for development. Specifically,
12         the Flutter tool needs it to communicate with the running application
13         to allow setting breakpoints, to provide hot reload, etc.
14    -->
15    <uses-permission android:name="android.permission.INTERNET" />
15-->src\main\AndroidManifest.xml:6:5-67
15-->src\main\AndroidManifest.xml:6:22-64
16    <uses-permission android:name="android.permission.CAMERA" />
16-->src\main\AndroidManifest.xml:2:5-65
16-->src\main\AndroidManifest.xml:2:22-62
17    <uses-permission android:name="android.permission.READ_EXTERNAL_STORAGE" />
17-->src\main\AndroidManifest.xml:3:5-80
17-->src\main\AndroidManifest.xml:3:22-77
18    <uses-permission android:name="android.permission.WRITE_EXTERNAL_STORAGE" />
18-->src\main\AndroidManifest.xml:4:5-81
18-->src\main\AndroidManifest.xml:4:22-78
19    <uses-permission android:name="android.permission.POST_NOTIFICATIONS" />
19-->src\main\AndroidManifest.xml:5:5-77
19-->src\main\AndroidManifest.xml:5:22-74
20    <uses-permission android:name="android.permission.ACCESS_NETWORK_STATE" />
20-->src\main\AndroidManifest.xml:7:5-79
20-->src\main\AndroidManifest.xml:7:22-76
21    <!--
22 Required to query activities that can process text, see:
23         https://developer.android.com/training/package-visibility and
24         https://developer.android.com/reference/android/content/Intent#ACTION_PROCESS_TEXT.
25
26         In particular, this is used by the Flutter engine in io.flutter.plugin.text.ProcessTextPlugin.
27    -->
28    <queries>
28-->src\main\AndroidManifest.xml:46:5-51:15
29        <intent>
29-->src\main\AndroidManifest.xml:47:9-50:18
30            <action android:name="android.intent.action.PROCESS_TEXT" />
30-->src\main\AndroidManifest.xml:48:13-73
30-->src\main\AndroidManifest.xml:48:21-70
31
32            <data android:mimeType="text/plain" />
32-->src\main\AndroidManifest.xml:49:13-51
32-->src\main\AndroidManifest.xml:49:19-48
33        </intent>
34    </queries>
35
36    <uses-permission android:name="android.permission.VIBRATE" />
36-->[:flutter_local_notifications] AndroidManifest.xml:7:5-66
36-->[:flutter_local_notifications] AndroidManifest.xml:7:22-63
37    <uses-permission android:name="com.google.android.providers.gsf.permission.READ_GSERVICES" />
37-->[com.google.android.recaptcha:recaptcha:18.6.1] AndroidManifest.xml:9:5-98
37-->[com.google.android.recaptcha:recaptcha:18.6.1] AndroidManifest.xml:9:22-95
38
39    <permission
39-->[androidx.core:core:1.13.1] AndroidManifest.xml:22:5-24:47
40        android:name="com.example.doan_nhom_cuoiky.DYNAMIC_RECEIVER_NOT_EXPORTED_PERMISSION"
40-->[androidx.core:core:1.13.1] AndroidManifest.xml:23:9-81
41        android:protectionLevel="signature" />
41-->[androidx.core:core:1.13.1] AndroidManifest.xml:24:9-44
42
43    <uses-permission android:name="com.example.doan_nhom_cuoiky.DYNAMIC_RECEIVER_NOT_EXPORTED_PERMISSION" />
43-->[androidx.core:core:1.13.1] AndroidManifest.xml:26:5-97
43-->[androidx.core:core:1.13.1] AndroidManifest.xml:26:22-94
44
45    <application
46        android:name="android.app.Application"
47        android:appComponentFactory="androidx.core.app.CoreComponentFactory"
47-->[androidx.core:core:1.13.1] AndroidManifest.xml:28:18-86
48        android:debuggable="true"
49        android:extractNativeLibs="false"
50        android:icon="@mipmap/ic_launcher"
51        android:label="doan_nhom_cuoiky"
52        android:requestLegacyExternalStorage="true" >
53        <activity
54            android:name="com.example.doan_nhom_cuoiky.MainActivity"
55            android:configChanges="orientation|keyboardHidden|keyboard|screenSize|smallestScreenSize|locale|layoutDirection|fontScale|screenLayout|density|uiMode"
56            android:exported="true"
57            android:hardwareAccelerated="true"
58            android:launchMode="singleTop"
59            android:taskAffinity=""
60            android:theme="@style/LaunchTheme"
61            android:windowSoftInputMode="adjustResize" >
62
63            <!--
64                 Specifies an Android theme to apply to this Activity as soon as
65                 the Android process has started. This theme is visible to the user
66                 while the Flutter UI initializes. After that, this theme continues
67                 to determine the Window background behind the Flutter UI.
68            -->
69            <meta-data
70                android:name="io.flutter.embedding.android.NormalTheme"
71                android:resource="@style/NormalTheme" />
72
73            <intent-filter>
74                <action android:name="android.intent.action.MAIN" />
75
76                <category android:name="android.intent.category.LAUNCHER" />
77            </intent-filter>
78        </activity>
79        <!--
80             Don't delete the meta-data below.
81             This is used by the Flutter tool to generate GeneratedPluginRegistrant.java
82        -->
83        <meta-data
84            android:name="flutterEmbedding"
85            android:value="2" />
86
87        <service
87-->[:firebase_auth] AndroidManifest.xml:8:9-12:19
88            android:name="com.google.firebase.components.ComponentDiscoveryService"
88-->[:firebase_auth] AndroidManifest.xml:8:18-89
89            android:directBootAware="true"
89-->[com.google.firebase:firebase-common:21.0.0] AndroidManifest.xml:32:13-43
90            android:exported="false" >
90-->[com.google.firebase:firebase-auth:23.2.0] AndroidManifest.xml:68:13-37
91            <meta-data
91-->[:firebase_auth] AndroidManifest.xml:9:13-11:85
92                android:name="com.google.firebase.components:io.flutter.plugins.firebase.auth.FlutterFirebaseAuthRegistrar"
92-->[:firebase_auth] AndroidManifest.xml:10:17-124
93                android:value="com.google.firebase.components.ComponentRegistrar" />
93-->[:firebase_auth] AndroidManifest.xml:11:17-82
94            <meta-data
94-->[:cloud_firestore] AndroidManifest.xml:9:13-11:85
95                android:name="com.google.firebase.components:io.flutter.plugins.firebase.firestore.FlutterFirebaseFirestoreRegistrar"
95-->[:cloud_firestore] AndroidManifest.xml:10:17-134
96                android:value="com.google.firebase.components.ComponentRegistrar" />
96-->[:cloud_firestore] AndroidManifest.xml:11:17-82
97            <meta-data
97-->[:firebase_storage] AndroidManifest.xml:9:13-11:85
98                android:name="com.google.firebase.components:io.flutter.plugins.firebase.storage.FlutterFirebaseAppRegistrar"
98-->[:firebase_storage] AndroidManifest.xml:10:17-126
99                android:value="com.google.firebase.components.ComponentRegistrar" />
99-->[:firebase_storage] AndroidManifest.xml:11:17-82
100            <meta-data
100-->[:firebase_core] AndroidManifest.xml:9:13-11:85
101                android:name="com.google.firebase.components:io.flutter.plugins.firebase.core.FlutterFirebaseCoreRegistrar"
101-->[:firebase_core] AndroidManifest.xml:10:17-124
102                android:value="com.google.firebase.components.ComponentRegistrar" />
102-->[:firebase_core] AndroidManifest.xml:11:17-82
103            <meta-data
103-->[com.google.firebase:firebase-auth:23.2.0] AndroidManifest.xml:69:13-71:85
104                android:name="com.google.firebase.components:com.google.firebase.auth.FirebaseAuthRegistrar"
104-->[com.google.firebase:firebase-auth:23.2.0] AndroidManifest.xml:70:17-109
105                android:value="com.google.firebase.components.ComponentRegistrar" />
105-->[com.google.firebase:firebase-auth:23.2.0] AndroidManifest.xml:71:17-82
106            <meta-data
106-->[com.google.firebase:firebase-firestore:25.1.3] AndroidManifest.xml:17:13-19:85
107                android:name="com.google.firebase.components:com.google.firebase.firestore.FirebaseFirestoreKtxRegistrar"
107-->[com.google.firebase:firebase-firestore:25.1.3] AndroidManifest.xml:18:17-122
108                android:value="com.google.firebase.components.ComponentRegistrar" />
108-->[com.google.firebase:firebase-firestore:25.1.3] AndroidManifest.xml:19:17-82
109            <meta-data
109-->[com.google.firebase:firebase-firestore:25.1.3] AndroidManifest.xml:20:13-22:85
110                android:name="com.google.firebase.components:com.google.firebase.firestore.FirestoreRegistrar"
110-->[com.google.firebase:firebase-firestore:25.1.3] AndroidManifest.xml:21:17-111
111                android:value="com.google.firebase.components.ComponentRegistrar" />
111-->[com.google.firebase:firebase-firestore:25.1.3] AndroidManifest.xml:22:17-82
112            <meta-data
112-->[com.google.firebase:firebase-storage:21.0.1] AndroidManifest.xml:30:13-32:85
113                android:name="com.google.firebase.components:com.google.firebase.storage.FirebaseStorageKtxRegistrar"
113-->[com.google.firebase:firebase-storage:21.0.1] AndroidManifest.xml:31:17-118
114                android:value="com.google.firebase.components.ComponentRegistrar" />
114-->[com.google.firebase:firebase-storage:21.0.1] AndroidManifest.xml:32:17-82
115            <meta-data
115-->[com.google.firebase:firebase-storage:21.0.1] AndroidManifest.xml:33:13-35:85
116                android:name="com.google.firebase.components:com.google.firebase.storage.StorageRegistrar"
116-->[com.google.firebase:firebase-storage:21.0.1] AndroidManifest.xml:34:17-107
117                android:value="com.google.firebase.components.ComponentRegistrar" />
117-->[com.google.firebase:firebase-storage:21.0.1] AndroidManifest.xml:35:17-82
118            <meta-data
118-->[com.google.firebase:firebase-appcheck:18.0.0] AndroidManifest.xml:25:13-27:85
119                android:name="com.google.firebase.components:com.google.firebase.appcheck.FirebaseAppCheckKtxRegistrar"
119-->[com.google.firebase:firebase-appcheck:18.0.0] AndroidManifest.xml:26:17-120
120                android:value="com.google.firebase.components.ComponentRegistrar" />
120-->[com.google.firebase:firebase-appcheck:18.0.0] AndroidManifest.xml:27:17-82
121            <meta-data
121-->[com.google.firebase:firebase-appcheck:18.0.0] AndroidManifest.xml:28:13-30:85
122                android:name="com.google.firebase.components:com.google.firebase.appcheck.FirebaseAppCheckRegistrar"
122-->[com.google.firebase:firebase-appcheck:18.0.0] AndroidManifest.xml:29:17-117
123                android:value="com.google.firebase.components.ComponentRegistrar" />
123-->[com.google.firebase:firebase-appcheck:18.0.0] AndroidManifest.xml:30:17-82
124            <meta-data
124-->[com.google.firebase:firebase-common-ktx:21.0.0] AndroidManifest.xml:12:13-14:85
125                android:name="com.google.firebase.components:com.google.firebase.ktx.FirebaseCommonLegacyRegistrar"
125-->[com.google.firebase:firebase-common-ktx:21.0.0] AndroidManifest.xml:13:17-116
126                android:value="com.google.firebase.components.ComponentRegistrar" />
126-->[com.google.firebase:firebase-common-ktx:21.0.0] AndroidManifest.xml:14:17-82
127            <meta-data
127-->[com.google.firebase:firebase-common:21.0.0] AndroidManifest.xml:35:13-37:85
128                android:name="com.google.firebase.components:com.google.firebase.FirebaseCommonKtxRegistrar"
128-->[com.google.firebase:firebase-common:21.0.0] AndroidManifest.xml:36:17-109
129                android:value="com.google.firebase.components.ComponentRegistrar" />
129-->[com.google.firebase:firebase-common:21.0.0] AndroidManifest.xml:37:17-82
130        </service>
131
132        <activity
132-->[com.google.firebase:firebase-auth:23.2.0] AndroidManifest.xml:29:9-46:20
133            android:name="com.google.firebase.auth.internal.GenericIdpActivity"
133-->[com.google.firebase:firebase-auth:23.2.0] AndroidManifest.xml:30:13-80
134            android:excludeFromRecents="true"
134-->[com.google.firebase:firebase-auth:23.2.0] AndroidManifest.xml:31:13-46
135            android:exported="true"
135-->[com.google.firebase:firebase-auth:23.2.0] AndroidManifest.xml:32:13-36
136            android:launchMode="singleTask"
136-->[com.google.firebase:firebase-auth:23.2.0] AndroidManifest.xml:33:13-44
137            android:theme="@android:style/Theme.Translucent.NoTitleBar" >
137-->[com.google.firebase:firebase-auth:23.2.0] AndroidManifest.xml:34:13-72
138            <intent-filter>
138-->[com.google.firebase:firebase-auth:23.2.0] AndroidManifest.xml:35:13-45:29
139                <action android:name="android.intent.action.VIEW" />
139-->[com.google.firebase:firebase-auth:23.2.0] AndroidManifest.xml:36:17-69
139-->[com.google.firebase:firebase-auth:23.2.0] AndroidManifest.xml:36:25-66
140
141                <category android:name="android.intent.category.DEFAULT" />
141-->[com.google.firebase:firebase-auth:23.2.0] AndroidManifest.xml:38:17-76
141-->[com.google.firebase:firebase-auth:23.2.0] AndroidManifest.xml:38:27-73
142                <category android:name="android.intent.category.BROWSABLE" />
142-->[com.google.firebase:firebase-auth:23.2.0] AndroidManifest.xml:39:17-78
142-->[com.google.firebase:firebase-auth:23.2.0] AndroidManifest.xml:39:27-75
143
144                <data
144-->src\main\AndroidManifest.xml:49:13-51
145                    android:host="firebase.auth"
146                    android:path="/"
147                    android:scheme="genericidp" />
148            </intent-filter>
149        </activity>
150        <activity
150-->[com.google.firebase:firebase-auth:23.2.0] AndroidManifest.xml:47:9-64:20
151            android:name="com.google.firebase.auth.internal.RecaptchaActivity"
151-->[com.google.firebase:firebase-auth:23.2.0] AndroidManifest.xml:48:13-79
152            android:excludeFromRecents="true"
152-->[com.google.firebase:firebase-auth:23.2.0] AndroidManifest.xml:49:13-46
153            android:exported="true"
153-->[com.google.firebase:firebase-auth:23.2.0] AndroidManifest.xml:50:13-36
154            android:launchMode="singleTask"
154-->[com.google.firebase:firebase-auth:23.2.0] AndroidManifest.xml:51:13-44
155            android:theme="@android:style/Theme.Translucent.NoTitleBar" >
155-->[com.google.firebase:firebase-auth:23.2.0] AndroidManifest.xml:52:13-72
156            <intent-filter>
156-->[com.google.firebase:firebase-auth:23.2.0] AndroidManifest.xml:53:13-63:29
157                <action android:name="android.intent.action.VIEW" />
157-->[com.google.firebase:firebase-auth:23.2.0] AndroidManifest.xml:36:17-69
157-->[com.google.firebase:firebase-auth:23.2.0] AndroidManifest.xml:36:25-66
158
159                <category android:name="android.intent.category.DEFAULT" />
159-->[com.google.firebase:firebase-auth:23.2.0] AndroidManifest.xml:38:17-76
159-->[com.google.firebase:firebase-auth:23.2.0] AndroidManifest.xml:38:27-73
160                <category android:name="android.intent.category.BROWSABLE" />
160-->[com.google.firebase:firebase-auth:23.2.0] AndroidManifest.xml:39:17-78
160-->[com.google.firebase:firebase-auth:23.2.0] AndroidManifest.xml:39:27-75
161
162                <data
162-->src\main\AndroidManifest.xml:49:13-51
163                    android:host="firebase.auth"
164                    android:path="/"
165                    android:scheme="recaptcha" />
166            </intent-filter>
167        </activity>
168
169        <provider
169-->[:image_picker_android] AndroidManifest.xml:9:9-17:20
170            android:name="io.flutter.plugins.imagepicker.ImagePickerFileProvider"
170-->[:image_picker_android] AndroidManifest.xml:10:13-82
171            android:authorities="com.example.doan_nhom_cuoiky.flutter.image_provider"
171-->[:image_picker_android] AndroidManifest.xml:11:13-74
172            android:exported="false"
172-->[:image_picker_android] AndroidManifest.xml:12:13-37
173            android:grantUriPermissions="true" >
173-->[:image_picker_android] AndroidManifest.xml:13:13-47
174            <meta-data
174-->[:image_picker_android] AndroidManifest.xml:14:13-16:75
175                android:name="android.support.FILE_PROVIDER_PATHS"
175-->[:image_picker_android] AndroidManifest.xml:15:17-67
176                android:resource="@xml/flutter_image_picker_file_paths" />
176-->[:image_picker_android] AndroidManifest.xml:16:17-72
177        </provider> <!-- Trigger Google Play services to install the backported photo picker module. -->
178        <service
178-->[:image_picker_android] AndroidManifest.xml:19:9-31:19
179            android:name="com.google.android.gms.metadata.ModuleDependencies"
179-->[:image_picker_android] AndroidManifest.xml:20:13-78
180            android:enabled="false"
180-->[:image_picker_android] AndroidManifest.xml:21:13-36
181            android:exported="false" >
181-->[:image_picker_android] AndroidManifest.xml:22:13-37
182            <intent-filter>
182-->[:image_picker_android] AndroidManifest.xml:24:13-26:29
183                <action android:name="com.google.android.gms.metadata.MODULE_DEPENDENCIES" />
183-->[:image_picker_android] AndroidManifest.xml:25:17-94
183-->[:image_picker_android] AndroidManifest.xml:25:25-91
184            </intent-filter>
185
186            <meta-data
186-->[:image_picker_android] AndroidManifest.xml:28:13-30:36
187                android:name="photopicker_activity:0:required"
187-->[:image_picker_android] AndroidManifest.xml:29:17-63
188                android:value="" />
188-->[:image_picker_android] AndroidManifest.xml:30:17-33
189        </service>
190
191        <provider
191-->[com.google.firebase:firebase-common:21.0.0] AndroidManifest.xml:23:9-28:39
192            android:name="com.google.firebase.provider.FirebaseInitProvider"
192-->[com.google.firebase:firebase-common:21.0.0] AndroidManifest.xml:24:13-77
193            android:authorities="com.example.doan_nhom_cuoiky.firebaseinitprovider"
193-->[com.google.firebase:firebase-common:21.0.0] AndroidManifest.xml:25:13-72
194            android:directBootAware="true"
194-->[com.google.firebase:firebase-common:21.0.0] AndroidManifest.xml:26:13-43
195            android:exported="false"
195-->[com.google.firebase:firebase-common:21.0.0] AndroidManifest.xml:27:13-37
196            android:initOrder="100" />
196-->[com.google.firebase:firebase-common:21.0.0] AndroidManifest.xml:28:13-36
197
198        <service
198-->[androidx.credentials:credentials-play-services-auth:1.2.0-rc01] AndroidManifest.xml:24:9-32:19
199            android:name="androidx.credentials.playservices.CredentialProviderMetadataHolder"
199-->[androidx.credentials:credentials-play-services-auth:1.2.0-rc01] AndroidManifest.xml:25:13-94
200            android:enabled="true"
200-->[androidx.credentials:credentials-play-services-auth:1.2.0-rc01] AndroidManifest.xml:26:13-35
201            android:exported="false" >
201-->[androidx.credentials:credentials-play-services-auth:1.2.0-rc01] AndroidManifest.xml:27:13-37
202            <meta-data
202-->[androidx.credentials:credentials-play-services-auth:1.2.0-rc01] AndroidManifest.xml:29:13-31:104
203                android:name="androidx.credentials.CREDENTIAL_PROVIDER_KEY"
203-->[androidx.credentials:credentials-play-services-auth:1.2.0-rc01] AndroidManifest.xml:30:17-76
204                android:value="androidx.credentials.playservices.CredentialProviderPlayServicesImpl" />
204-->[androidx.credentials:credentials-play-services-auth:1.2.0-rc01] AndroidManifest.xml:31:17-101
205        </service>
206
207        <activity
207-->[androidx.credentials:credentials-play-services-auth:1.2.0-rc01] AndroidManifest.xml:34:9-41:20
208            android:name="androidx.credentials.playservices.HiddenActivity"
208-->[androidx.credentials:credentials-play-services-auth:1.2.0-rc01] AndroidManifest.xml:35:13-76
209            android:configChanges="orientation|screenSize|screenLayout|keyboardHidden"
209-->[androidx.credentials:credentials-play-services-auth:1.2.0-rc01] AndroidManifest.xml:36:13-87
210            android:enabled="true"
210-->[androidx.credentials:credentials-play-services-auth:1.2.0-rc01] AndroidManifest.xml:37:13-35
211            android:exported="false"
211-->[androidx.credentials:credentials-play-services-auth:1.2.0-rc01] AndroidManifest.xml:38:13-37
212            android:fitsSystemWindows="true"
212-->[androidx.credentials:credentials-play-services-auth:1.2.0-rc01] AndroidManifest.xml:39:13-45
213            android:theme="@style/Theme.Hidden" >
213-->[androidx.credentials:credentials-play-services-auth:1.2.0-rc01] AndroidManifest.xml:40:13-48
214        </activity>
215        <activity
215-->[com.google.android.gms:play-services-auth:20.7.0] AndroidManifest.xml:23:9-27:75
216            android:name="com.google.android.gms.auth.api.signin.internal.SignInHubActivity"
216-->[com.google.android.gms:play-services-auth:20.7.0] AndroidManifest.xml:24:13-93
217            android:excludeFromRecents="true"
217-->[com.google.android.gms:play-services-auth:20.7.0] AndroidManifest.xml:25:13-46
218            android:exported="false"
218-->[com.google.android.gms:play-services-auth:20.7.0] AndroidManifest.xml:26:13-37
219            android:theme="@android:style/Theme.Translucent.NoTitleBar" />
219-->[com.google.android.gms:play-services-auth:20.7.0] AndroidManifest.xml:27:13-72
220        <!--
221            Service handling Google Sign-In user revocation. For apps that do not integrate with
222            Google Sign-In, this service will never be started.
223        -->
224        <service
224-->[com.google.android.gms:play-services-auth:20.7.0] AndroidManifest.xml:33:9-37:51
225            android:name="com.google.android.gms.auth.api.signin.RevocationBoundService"
225-->[com.google.android.gms:play-services-auth:20.7.0] AndroidManifest.xml:34:13-89
226            android:exported="true"
226-->[com.google.android.gms:play-services-auth:20.7.0] AndroidManifest.xml:35:13-36
227            android:permission="com.google.android.gms.auth.api.signin.permission.REVOCATION_NOTIFICATION"
227-->[com.google.android.gms:play-services-auth:20.7.0] AndroidManifest.xml:36:13-107
228            android:visibleToInstantApps="true" />
228-->[com.google.android.gms:play-services-auth:20.7.0] AndroidManifest.xml:37:13-48
229
230        <activity
230-->[com.google.android.gms:play-services-base:18.1.0] AndroidManifest.xml:20:9-22:45
231            android:name="com.google.android.gms.common.api.GoogleApiActivity"
231-->[com.google.android.gms:play-services-base:18.1.0] AndroidManifest.xml:20:19-85
232            android:exported="false"
232-->[com.google.android.gms:play-services-base:18.1.0] AndroidManifest.xml:22:19-43
233            android:theme="@android:style/Theme.Translucent.NoTitleBar" />
233-->[com.google.android.gms:play-services-base:18.1.0] AndroidManifest.xml:21:19-78
234
235        <provider
235-->[androidx.lifecycle:lifecycle-process:2.7.0] AndroidManifest.xml:24:9-32:20
236            android:name="androidx.startup.InitializationProvider"
236-->[androidx.lifecycle:lifecycle-process:2.7.0] AndroidManifest.xml:25:13-67
237            android:authorities="com.example.doan_nhom_cuoiky.androidx-startup"
237-->[androidx.lifecycle:lifecycle-process:2.7.0] AndroidManifest.xml:26:13-68
238            android:exported="false" >
238-->[androidx.lifecycle:lifecycle-process:2.7.0] AndroidManifest.xml:27:13-37
239            <meta-data
239-->[androidx.lifecycle:lifecycle-process:2.7.0] AndroidManifest.xml:29:13-31:52
240                android:name="androidx.lifecycle.ProcessLifecycleInitializer"
240-->[androidx.lifecycle:lifecycle-process:2.7.0] AndroidManifest.xml:30:17-78
241                android:value="androidx.startup" />
241-->[androidx.lifecycle:lifecycle-process:2.7.0] AndroidManifest.xml:31:17-49
242            <meta-data
242-->[androidx.profileinstaller:profileinstaller:1.3.1] AndroidManifest.xml:29:13-31:52
243                android:name="androidx.profileinstaller.ProfileInstallerInitializer"
243-->[androidx.profileinstaller:profileinstaller:1.3.1] AndroidManifest.xml:30:17-85
244                android:value="androidx.startup" />
244-->[androidx.profileinstaller:profileinstaller:1.3.1] AndroidManifest.xml:31:17-49
245        </provider>
246
247        <uses-library
247-->[androidx.window:window:1.2.0] AndroidManifest.xml:23:9-25:40
248            android:name="androidx.window.extensions"
248-->[androidx.window:window:1.2.0] AndroidManifest.xml:24:13-54
249            android:required="false" />
249-->[androidx.window:window:1.2.0] AndroidManifest.xml:25:13-37
250        <uses-library
250-->[androidx.window:window:1.2.0] AndroidManifest.xml:26:9-28:40
251            android:name="androidx.window.sidecar"
251-->[androidx.window:window:1.2.0] AndroidManifest.xml:27:13-51
252            android:required="false" />
252-->[androidx.window:window:1.2.0] AndroidManifest.xml:28:13-37
253
254        <meta-data
254-->[com.google.android.gms:play-services-basement:18.4.0] AndroidManifest.xml:6:9-122
255            android:name="com.google.android.gms.version"
255-->[com.google.android.gms:play-services-basement:18.4.0] AndroidManifest.xml:6:20-65
256            android:value="@integer/google_play_services_version" />
256-->[com.google.android.gms:play-services-basement:18.4.0] AndroidManifest.xml:6:66-119
257
258        <receiver
258-->[androidx.profileinstaller:profileinstaller:1.3.1] AndroidManifest.xml:34:9-52:20
259            android:name="androidx.profileinstaller.ProfileInstallReceiver"
259-->[androidx.profileinstaller:profileinstaller:1.3.1] AndroidManifest.xml:35:13-76
260            android:directBootAware="false"
260-->[androidx.profileinstaller:profileinstaller:1.3.1] AndroidManifest.xml:36:13-44
261            android:enabled="true"
261-->[androidx.profileinstaller:profileinstaller:1.3.1] AndroidManifest.xml:37:13-35
262            android:exported="true"
262-->[androidx.profileinstaller:profileinstaller:1.3.1] AndroidManifest.xml:38:13-36
263            android:permission="android.permission.DUMP" >
263-->[androidx.profileinstaller:profileinstaller:1.3.1] AndroidManifest.xml:39:13-57
264            <intent-filter>
264-->[androidx.profileinstaller:profileinstaller:1.3.1] AndroidManifest.xml:40:13-42:29
265                <action android:name="androidx.profileinstaller.action.INSTALL_PROFILE" />
265-->[androidx.profileinstaller:profileinstaller:1.3.1] AndroidManifest.xml:41:17-91
265-->[androidx.profileinstaller:profileinstaller:1.3.1] AndroidManifest.xml:41:25-88
266            </intent-filter>
267            <intent-filter>
267-->[androidx.profileinstaller:profileinstaller:1.3.1] AndroidManifest.xml:43:13-45:29
268                <action android:name="androidx.profileinstaller.action.SKIP_FILE" />
268-->[androidx.profileinstaller:profileinstaller:1.3.1] AndroidManifest.xml:44:17-85
268-->[androidx.profileinstaller:profileinstaller:1.3.1] AndroidManifest.xml:44:25-82
269            </intent-filter>
270            <intent-filter>
270-->[androidx.profileinstaller:profileinstaller:1.3.1] AndroidManifest.xml:46:13-48:29
271                <action android:name="androidx.profileinstaller.action.SAVE_PROFILE" />
271-->[androidx.profileinstaller:profileinstaller:1.3.1] AndroidManifest.xml:47:17-88
271-->[androidx.profileinstaller:profileinstaller:1.3.1] AndroidManifest.xml:47:25-85
272            </intent-filter>
273            <intent-filter>
273-->[androidx.profileinstaller:profileinstaller:1.3.1] AndroidManifest.xml:49:13-51:29
274                <action android:name="androidx.profileinstaller.action.BENCHMARK_OPERATION" />
274-->[androidx.profileinstaller:profileinstaller:1.3.1] AndroidManifest.xml:50:17-95
274-->[androidx.profileinstaller:profileinstaller:1.3.1] AndroidManifest.xml:50:25-92
275            </intent-filter>
276        </receiver> <!-- The activities will be merged into the manifest of the hosting app. -->
277        <activity
277-->[com.google.android.play:core-common:2.0.3] AndroidManifest.xml:14:9-18:65
278            android:name="com.google.android.play.core.common.PlayCoreDialogWrapperActivity"
278-->[com.google.android.play:core-common:2.0.3] AndroidManifest.xml:15:13-93
279            android:exported="false"
279-->[com.google.android.play:core-common:2.0.3] AndroidManifest.xml:16:13-37
280            android:stateNotNeeded="true"
280-->[com.google.android.play:core-common:2.0.3] AndroidManifest.xml:17:13-42
281            android:theme="@style/Theme.PlayCore.Transparent" />
281-->[com.google.android.play:core-common:2.0.3] AndroidManifest.xml:18:13-62
282    </application>
283
284</manifest>